0 info it worked if it ends with ok
1 verbose cli [ 'C:\\Program Files (x86)\\nodejs\\node.exe',
1 verbose cli   'C:\\Program Files (x86)\\nodejs\\node_modules\\npm\\bin\\npm-cli.js',
1 verbose cli   'install',
1 verbose cli   'angular-touch@3.0.0' ]
2 info using npm@2.15.5
3 info using node@v4.4.5
4 verbose install initial load of C:\Python27\Scripts\mappl2\package.json
5 verbose installManyTop reading scoped package data from C:\Python27\Scripts\mappl2\node_modules\angular\package.json
6 verbose installManyTop reading scoped package data from C:\Python27\Scripts\mappl2\node_modules\angular-resource\package.json
7 verbose installManyTop reading scoped package data from C:\Python27\Scripts\mappl2\node_modules\angular-touch\package.json
8 verbose installManyTop reading scoped package data from C:\Python27\Scripts\mappl2\node_modules\bower\package.json
9 verbose installManyTop reading scoped package data from C:\Python27\Scripts\mappl2\node_modules\gulp\package.json
10 verbose installManyTop reading scoped package data from C:\Python27\Scripts\mappl2\node_modules\gulp-ng-annotate\package.json
11 verbose installManyTop reading scoped package data from C:\Python27\Scripts\mappl2\node_modules\gulp-uglify\package.json
12 verbose installManyTop reading scoped package data from C:\Python27\Scripts\mappl2\node_modules\touch\package.json
13 info package.json gulp-ng-annotate@0.3.6 license should be a valid SPDX license expression
14 verbose readDependencies loading dependencies from C:\Python27\Scripts\mappl2\package.json
15 silly cache add args [ 'angular-touch@3.0.0', null ]
16 verbose cache add spec angular-touch@3.0.0
17 silly cache add parsed spec Result {
17 silly cache add   raw: 'angular-touch@3.0.0',
17 silly cache add   scope: null,
17 silly cache add   name: 'angular-touch',
17 silly cache add   rawSpec: '3.0.0',
17 silly cache add   spec: '3.0.0',
17 silly cache add   type: 'version' }
18 silly addNamed angular-touch@3.0.0
19 verbose addNamed "3.0.0" is a plain semver version for angular-touch
20 silly mapToRegistry name angular-touch
21 silly mapToRegistry using default registry
22 silly mapToRegistry registry https://registry.npmjs.org/
23 silly mapToRegistry data Result {
23 silly mapToRegistry   raw: 'angular-touch',
23 silly mapToRegistry   scope: null,
23 silly mapToRegistry   name: 'angular-touch',
23 silly mapToRegistry   rawSpec: '',
23 silly mapToRegistry   spec: 'latest',
23 silly mapToRegistry   type: 'tag' }
24 silly mapToRegistry uri https://registry.npmjs.org/angular-touch
25 verbose addNameVersion registry:https://registry.npmjs.org/angular-touch not in flight; fetching
26 verbose request uri https://registry.npmjs.org/angular-touch
27 verbose request no auth needed
28 info attempt registry request try #1 at 2:29:24 PM
29 verbose request id a9760e8d89d0d26c
30 verbose etag "UNPN2ON1CPHDF1GRC185IIM4"
31 http request GET https://registry.npmjs.org/angular-touch
32 http 304 https://registry.npmjs.org/angular-touch
33 verbose headers { date: 'Wed, 29 Jun 2016 00:29:25 GMT',
33 verbose headers   via: '1.1 varnish',
33 verbose headers   'cache-control': 'max-age=300',
33 verbose headers   etag: '"UNPN2ON1CPHDF1GRC185IIM4"',
33 verbose headers   age: '25',
33 verbose headers   connection: 'keep-alive',
33 verbose headers   'x-served-by': 'cache-lax1420-LAX',
33 verbose headers   'x-cache': 'HIT',
33 verbose headers   'x-cache-hits': '1',
33 verbose headers   'x-timer': 'S1467160165.851133,VS0,VE0',
33 verbose headers   vary: 'Accept-Encoding' }
34 silly get cb [ 304,
34 silly get   { date: 'Wed, 29 Jun 2016 00:29:25 GMT',
34 silly get     via: '1.1 varnish',
34 silly get     'cache-control': 'max-age=300',
34 silly get     etag: '"UNPN2ON1CPHDF1GRC185IIM4"',
34 silly get     age: '25',
34 silly get     connection: 'keep-alive',
34 silly get     'x-served-by': 'cache-lax1420-LAX',
34 silly get     'x-cache': 'HIT',
34 silly get     'x-cache-hits': '1',
34 silly get     'x-timer': 'S1467160165.851133,VS0,VE0',
34 silly get     vary: 'Accept-Encoding' } ]
35 verbose etag https://registry.npmjs.org/angular-touch from cache
36 verbose get saving angular-touch to C:\Users\jessicah\AppData\Roaming\npm-cache\registry.npmjs.org\angular-touch\.cache.json
37 verbose correctMkdir C:\Users\jessicah\AppData\Roaming\npm-cache correctMkdir not in flight; initializing
38 verbose stack Error: version not found: angular-touch@3.0.0
38 verbose stack     at setData (C:\Program Files (x86)\nodejs\node_modules\npm\lib\cache\add-named.js:137:12)
38 verbose stack     at RES (C:\Program Files (x86)\nodejs\node_modules\npm\node_modules\inflight\inflight.js:23:14)
38 verbose stack     at f (C:\Program Files (x86)\nodejs\node_modules\npm\node_modules\once\once.js:17:25)
38 verbose stack     at fixName (C:\Program Files (x86)\nodejs\node_modules\npm\lib\cache\add-named.js:29:5)
38 verbose stack     at saved (C:\Program Files (x86)\nodejs\node_modules\npm\lib\cache\caching-client.js:173:7)
38 verbose stack     at C:\Program Files (x86)\nodejs\node_modules\npm\node_modules\graceful-fs\polyfills.js:210:7
38 verbose stack     at FSReqWrap.oncomplete (fs.js:82:15)
39 verbose statusCode 404
40 verbose cwd C:\Python27\Scripts\mappl2
41 error Windows_NT 6.1.7601
42 error argv "C:\\Program Files (x86)\\nodejs\\node.exe" "C:\\Program Files (x86)\\nodejs\\node_modules\\npm\\bin\\npm-cli.js" "install" "angular-touch@3.0.0"
43 error node v4.4.5
44 error npm  v2.15.5
45 error version not found: angular-touch@3.0.0
46 error If you need help, you may report this error at:
46 error     <https://github.com/npm/npm/issues>
47 verbose exit [ 1, true ]
