0 info it worked if it ends with ok
1 verbose cli [ 'C:\\Program Files (x86)\\nodejs\\node.exe',
1 verbose cli   'C:\\Program Files (x86)\\nodejs\\node_modules\\npm\\bin\\npm-cli.js',
1 verbose cli   'install' ]
2 info using npm@2.15.5
3 info using node@v4.4.5
4 verbose readDependencies loading dependencies from C:\Python27\Scripts\mappl2\package.json
5 verbose install where, deps [ 'C:\\Python27\\Scripts\\mappl2',
5 verbose install   [ 'bower', 'gulp', 'gulp-ng-annotate', 'gulp-uglify' ] ]
6 verbose install where, peers [ 'C:\\Python27\\Scripts\\mappl2', [] ]
7 verbose installManyTop reading for lifecycle C:\Python27\Scripts\mappl2\package.json
8 info preinstall thinkster_django_angular_boilerplate@1.0.0
9 verbose installManyTop reading scoped package data from C:\Python27\Scripts\mappl2\node_modules\bower\package.json
10 verbose installManyTop reading scoped package data from C:\Python27\Scripts\mappl2\node_modules\gulp\package.json
11 verbose installManyTop reading scoped package data from C:\Python27\Scripts\mappl2\node_modules\gulp-ng-annotate\package.json
12 verbose installManyTop reading scoped package data from C:\Python27\Scripts\mappl2\node_modules\gulp-uglify\package.json
13 info package.json gulp-ng-annotate@0.3.6 license should be a valid SPDX license expression
14 verbose readDependencies loading dependencies from C:\Python27\Scripts\mappl2\package.json
15 verbose targetResolver reading package data from C:\Python27\Scripts\mappl2\node_modules\bower\package.json
16 verbose targetResolver reading package data from C:\Python27\Scripts\mappl2\node_modules\gulp\package.json
17 verbose targetResolver reading package data from C:\Python27\Scripts\mappl2\node_modules\gulp-ng-annotate\package.json
18 verbose targetResolver reading package data from C:\Python27\Scripts\mappl2\node_modules\gulp-uglify\package.json
19 verbose targetResolver reading package data from C:\Python27\Scripts\mappl2\node_modules\.bin\bower\package.json
20 verbose targetResolver reading package data from C:\Python27\Scripts\mappl2\node_modules\.bin\bower.cmd\package.json
21 verbose targetResolver reading package data from C:\Python27\Scripts\mappl2\node_modules\.bin\gulp\package.json
22 verbose targetResolver reading package data from C:\Python27\Scripts\mappl2\node_modules\.bin\gulp.cmd\package.json
23 verbose already installed skipping gulp-uglify@^1.0.1 C:\Python27\Scripts\mappl2
24 verbose already installed skipping bower@^1.3.12 C:\Python27\Scripts\mappl2
25 verbose already installed skipping gulp@^3.8.9 C:\Python27\Scripts\mappl2
26 verbose already installed skipping gulp-ng-annotate@^0.3.3 C:\Python27\Scripts\mappl2
27 silly install resolved []
28 info build C:\Python27\Scripts\mappl2
29 info linkStuff thinkster_django_angular_boilerplate@1.0.0
30 silly linkStuff thinkster_django_angular_boilerplate@1.0.0 has C:\Python27\Scripts as its parent node_modules
31 verbose linkBins thinkster_django_angular_boilerplate@1.0.0
32 verbose linkMans thinkster_django_angular_boilerplate@1.0.0
33 verbose rebuildBundles thinkster_django_angular_boilerplate@1.0.0
34 verbose rebuildBundles [ '.bin', 'bower', 'gulp', 'gulp-ng-annotate', 'gulp-uglify' ]
35 info install thinkster_django_angular_boilerplate@1.0.0
36 info postinstall thinkster_django_angular_boilerplate@1.0.0
37 verbose unsafe-perm in lifecycle true
38 info thinkster_django_angular_boilerplate@1.0.0 Failed to exec postinstall script
39 verbose stack Error: thinkster_django_angular_boilerplate@1.0.0 postinstall: `chmod +x ./scripts/postInstall.sh && ./scripts/postInstall.sh`
39 verbose stack Exit status 1
39 verbose stack     at EventEmitter.<anonymous> (C:\Program Files (x86)\nodejs\node_modules\npm\lib\utils\lifecycle.js:217:16)
39 verbose stack     at emitTwo (events.js:87:13)
39 verbose stack     at EventEmitter.emit (events.js:172:7)
39 verbose stack     at ChildProcess.<anonymous> (C:\Program Files (x86)\nodejs\node_modules\npm\lib\utils\spawn.js:24:14)
39 verbose stack     at emitTwo (events.js:87:13)
39 verbose stack     at ChildProcess.emit (events.js:172:7)
39 verbose stack     at maybeClose (internal/child_process.js:827:16)
39 verbose stack     at Process.ChildProcess._handle.onexit (internal/child_process.js:211:5)
40 verbose pkgid thinkster_django_angular_boilerplate@1.0.0
41 verbose cwd C:\Python27\Scripts\mappl2\thinkster_django_angular_boilerplate
42 error Windows_NT 6.1.7601
43 error argv "C:\\Program Files (x86)\\nodejs\\node.exe" "C:\\Program Files (x86)\\nodejs\\node_modules\\npm\\bin\\npm-cli.js" "install"
44 error node v4.4.5
45 error npm  v2.15.5
46 error code ELIFECYCLE
47 error thinkster_django_angular_boilerplate@1.0.0 postinstall: `chmod +x ./scripts/postInstall.sh && ./scripts/postInstall.sh`
47 error Exit status 1
48 error Failed at the thinkster_django_angular_boilerplate@1.0.0 postinstall script 'chmod +x ./scripts/postInstall.sh && ./scripts/postInstall.sh'.
48 error This is most likely a problem with the thinkster_django_angular_boilerplate package,
48 error not with npm itself.
48 error Tell the author that this fails on your system:
48 error     chmod +x ./scripts/postInstall.sh && ./scripts/postInstall.sh
48 error You can get information on how to open an issue for this project with:
48 error     npm bugs thinkster_django_angular_boilerplate
48 error Or if that isn't available, you can get their info via:
48 error
48 error     npm owner ls thinkster_django_angular_boilerplate
48 error There is likely additional logging output above.
49 verbose exit [ 1, true ]
